ClosetMaid-Calculator-Android/app/build/outputs/logs/manifest-merger-debug-report.txt
-- Merging decision tree log ---
manifest
ADDED from src/main/AndroidManifest.xml:2:1-31:12
	package
		ADDED from src/main/AndroidManifest.xml:3:5-75
		INJECTED from src/main/AndroidManifest.xml
		INJECTED from src/main/AndroidManifest.xml
	android:versionName
		ADDED from src/main/AndroidManifest.xml:5:5-30
		INJECTED from src/main/AndroidManifest.xml
		INJECTED from src/main/AndroidManifest.xml
	android:versionCode
		ADDED from src/main/AndroidManifest.xml:4:5-28
		INJECTED from src/main/AndroidManifest.xml
		INJECTED from src/main/AndroidManifest.xml
	xmlns:android
		ADDED from src/main/AndroidManifest.xml:2:11-69
uses-permission#android.permission.WRITE_EXTERNAL_STORAGE
ADDED from src/main/AndroidManifest.xml:7:5-80
	android:name
		ADDED from src/main/AndroidManifest.xml:7:22-78
application
ADDED from src/main/AndroidManifest.xml:9:5-29:19
MERGED from [ClosetMaid-Calculator-Android:tssviews:unspecified] AndroidManifest.xml:11:5-15:19
	android:label
		ADDED from src/main/AndroidManifest.xml:12:9-41
	android:allowBackup
		ADDED from src/main/AndroidManifest.xml:10:9-35
	android:icon
		ADDED from src/main/AndroidManifest.xml:11:9-41
	android:theme
		ADDED from src/main/AndroidManifest.xml:13:9-40
	android:name
		ADDED from [ClosetMaid-Calculator-Android:tssviews:unspecified] AndroidManifest.xml:12:9-54
activity#com.ridgid.softwaresolution.closetmaid.shelvingcutcalculator.MainActivity
ADDED from src/main/AndroidManifest.xml:15:9-28:20
	android:screenOrientation
		ADDED from src/main/AndroidManifest.xml:19:13-49
	android:label
		ADDED from src/main/AndroidManifest.xml:17:13-45
	android:hardwareAccelerated
		ADDED from src/main/AndroidManifest.xml:21:13-47
	android:launchMode
		ADDED from src/main/AndroidManifest.xml:20:13-48
	android:windowSoftInputMode
		ADDED from src/main/AndroidManifest.xml:22:13-67
	android:configChanges
		ADDED from src/main/AndroidManifest.xml:18:13-51
	android:theme
		ADDED from src/main/AndroidManifest.xml:23:13-46
	android:name
		ADDED from src/main/AndroidManifest.xml:16:13-101
intent-filter#android.intent.action.MAIN+android.intent.category.LAUNCHER
ADDED from src/main/AndroidManifest.xml:24:25-27:29
action#android.intent.action.MAIN
ADDED from src/main/AndroidManifest.xml:25:17-69
	android:name
		ADDED from src/main/AndroidManifest.xml:25:25-66
category#android.intent.category.LAUNCHER
ADDED from src/main/AndroidManifest.xml:26:17-77
	android:name
		ADDED from src/main/AndroidManifest.xml:26:27-74
uses-sdk
INJECTED from src/main/AndroidManifest.xml reason: use-sdk injection requested
MERGED from [ClosetMaid-Calculator-Android:tssviews:unspecified] AndroidManifest.xml:7:5-9:41
	android:targetSdkVersion
		INJECTED from src/main/AndroidManifest.xml
		INJECTED from src/main/AndroidManifest.xml
	android:minSdkVersion
		INJECTED from src/main/AndroidManifest.xml
		INJECTED from src/main/AndroidManifest.xml